Analysis & Synthesis report for Eq01-ULARegs_toplevel
Wed Apr 17 17:18:15 2024
Quartus Prime Version 23.1std.0 Build 991 11/28/2023 SC Lite Edition


---------------------
; Table of Contents ;
---------------------
  1. Legal Notice
  2. Analysis & Synthesis Summary
  3. Analysis & Synthesis Settings
  4. Parallel Compilation
  5. Analysis & Synthesis Source Files Read
  6. Analysis & Synthesis Resource Usage Summary
  7. Analysis & Synthesis Resource Utilization by Entity
  8. General Register Statistics
  9. Inverted Register Statistics
 10. Multiplexer Restructuring Statistics (Restructuring Performed)
 11. Parameter Settings for Inferred Entity Instance: ULA:ula_go|lpm_divide:Div0
 12. Port Connectivity Checks: "ULA:ula_go"
 13. Port Connectivity Checks: "ramDisp:RAMeDISP"
 14. Post-Synthesis Netlist Statistics for Top Partition
 15. Elapsed Time Per Partition
 16. Analysis & Synthesis Messages



----------------
; Legal Notice ;
----------------
Copyright (C) 2023  Intel Corporation. All rights reserved.
Your use of Intel Corporation's design tools, logic functions 
and other software and tools, and any partner logic 
functions, and any output files from any of the foregoing 
(including device programming or simulation files), and any 
associated documentation or information are expressly subject 
to the terms and conditions of the Intel Program License 
Subscription Agreement, the Intel Quartus Prime License Agreement,
the Intel FPGA IP License Agreement, or other applicable license
agreement, including, without limitation, that your use is for
the sole purpose of programming logic devices manufactured by
Intel and sold by Intel or its authorized distributors.  Please
refer to the applicable agreement for further details, at
https://fpgasoftware.intel.com/eula.



+-------------------------------------------------------------------------------------+
; Analysis & Synthesis Summary                                                        ;
+------------------------------------+------------------------------------------------+
; Analysis & Synthesis Status        ; Successful - Wed Apr 17 17:18:15 2024          ;
; Quartus Prime Version              ; 23.1std.0 Build 991 11/28/2023 SC Lite Edition ;
; Revision Name                      ; Eq01-ULARegs_toplevel                          ;
; Top-level Entity Name              ; toplevel                                       ;
; Family                             ; MAX 10                                         ;
; Total logic elements               ; 224                                            ;
;     Total combinational functions  ; 224                                            ;
;     Dedicated logic registers      ; 43                                             ;
; Total registers                    ; 43                                             ;
; Total pins                         ; 65                                             ;
; Total virtual pins                 ; 0                                              ;
; Total memory bits                  ; 0                                              ;
; Embedded Multiplier 9-bit elements ; 0                                              ;
; Total PLLs                         ; 0                                              ;
; UFM blocks                         ; 0                                              ;
; ADC blocks                         ; 0                                              ;
+------------------------------------+------------------------------------------------+


+---------------------------------------------------------------------------------------------------------------+
; Analysis & Synthesis Settings                                                                                 ;
+------------------------------------------------------------------+--------------------+-----------------------+
; Option                                                           ; Setting            ; Default Value         ;
+------------------------------------------------------------------+--------------------+-----------------------+
; Device                                                           ; 10M50DAF484C7G     ;                       ;
; Top-level entity name                                            ; toplevel           ; Eq01-ULARegs_toplevel ;
; Family name                                                      ; MAX 10             ; Cyclone V             ;
; Use smart compilation                                            ; Off                ; Off                   ;
; Enable parallel Assembler and Timing Analyzer during compilation ; On                 ; On                    ;
; Enable compact report table                                      ; Off                ; Off                   ;
; Restructure Multiplexers                                         ; Auto               ; Auto                  ;
; Create Debugging Nodes for IP Cores                              ; Off                ; Off                   ;
; Preserve fewer node names                                        ; On                 ; On                    ;
; Intel FPGA IP Evaluation Mode                                    ; Enable             ; Enable                ;
; Verilog Version                                                  ; Verilog_2001       ; Verilog_2001          ;
; VHDL Version                                                     ; VHDL_1993          ; VHDL_1993             ;
; State Machine Processing                                         ; Auto               ; Auto                  ;
; Safe State Machine                                               ; Off                ; Off                   ;
; Extract Verilog State Machines                                   ; On                 ; On                    ;
; Extract VHDL State Machines                                      ; On                 ; On                    ;
; Ignore Verilog initial constructs                                ; Off                ; Off                   ;
; Iteration limit for constant Verilog loops                       ; 5000               ; 5000                  ;
; Iteration limit for non-constant Verilog loops                   ; 250                ; 250                   ;
; Add Pass-Through Logic to Inferred RAMs                          ; On                 ; On                    ;
; Infer RAMs from Raw Logic                                        ; On                 ; On                    ;
; Parallel Synthesis                                               ; On                 ; On                    ;
; DSP Block Balancing                                              ; Auto               ; Auto                  ;
; NOT Gate Push-Back                                               ; On                 ; On                    ;
; Power-Up Don't Care                                              ; On                 ; On                    ;
; Remove Redundant Logic Cells                                     ; Off                ; Off                   ;
; Remove Duplicate Registers                                       ; On                 ; On                    ;
; Ignore CARRY Buffers                                             ; Off                ; Off                   ;
; Ignore CASCADE Buffers                                           ; Off                ; Off                   ;
; Ignore GLOBAL Buffers                                            ; Off                ; Off                   ;
; Ignore ROW GLOBAL Buffers                                        ; Off                ; Off                   ;
; Ignore LCELL Buffers                                             ; Off                ; Off                   ;
; Ignore SOFT Buffers                                              ; On                 ; On                    ;
; Limit AHDL Integers to 32 Bits                                   ; Off                ; Off                   ;
; Optimization Technique                                           ; Balanced           ; Balanced              ;
; Carry Chain Length                                               ; 70                 ; 70                    ;
; Auto Carry Chains                                                ; On                 ; On                    ;
; Auto Open-Drain Pins                                             ; On                 ; On                    ;
; Perform WYSIWYG Primitive Resynthesis                            ; Off                ; Off                   ;
; Auto ROM Replacement                                             ; On                 ; On                    ;
; Auto RAM Replacement                                             ; On                 ; On                    ;
; Auto DSP Block Replacement                                       ; On                 ; On                    ;
; Auto Shift Register Replacement                                  ; Auto               ; Auto                  ;
; Allow Shift Register Merging across Hierarchies                  ; Auto               ; Auto                  ;
; Auto Clock Enable Replacement                                    ; On                 ; On                    ;
; Strict RAM Replacement                                           ; Off                ; Off                   ;
; Allow Synchronous Control Signals                                ; On                 ; On                    ;
; Force Use of Synchronous Clear Signals                           ; Off                ; Off                   ;
; Auto RAM Block Balancing                                         ; On                 ; On                    ;
; Auto RAM to Logic Cell Conversion                                ; Off                ; Off                   ;
; Auto Resource Sharing                                            ; Off                ; Off                   ;
; Allow Any RAM Size For Recognition                               ; Off                ; Off                   ;
; Allow Any ROM Size For Recognition                               ; Off                ; Off                   ;
; Allow Any Shift Register Size For Recognition                    ; Off                ; Off                   ;
; Use LogicLock Constraints during Resource Balancing              ; On                 ; On                    ;
; Ignore translate_off and synthesis_off directives                ; Off                ; Off                   ;
; Timing-Driven Synthesis                                          ; On                 ; On                    ;
; Report Parameter Settings                                        ; On                 ; On                    ;
; Report Source Assignments                                        ; On                 ; On                    ;
; Report Connectivity Checks                                       ; On                 ; On                    ;
; Ignore Maximum Fan-Out Assignments                               ; Off                ; Off                   ;
; Synchronization Register Chain Length                            ; 2                  ; 2                     ;
; Power Optimization During Synthesis                              ; Normal compilation ; Normal compilation    ;
; HDL message level                                                ; Level2             ; Level2                ;
; Suppress Register Optimization Related Messages                  ; Off                ; Off                   ;
; Number of Removed Registers Reported in Synthesis Report         ; 5000               ; 5000                  ;
; Number of Swept Nodes Reported in Synthesis Report               ; 5000               ; 5000                  ;
; Number of Inverted Registers Reported in Synthesis Report        ; 100                ; 100                   ;
; Clock MUX Protection                                             ; On                 ; On                    ;
; Auto Gated Clock Conversion                                      ; Off                ; Off                   ;
; Block Design Naming                                              ; Auto               ; Auto                  ;
; SDC constraint protection                                        ; Off                ; Off                   ;
; Synthesis Effort                                                 ; Auto               ; Auto                  ;
; Shift Register Replacement - Allow Asynchronous Clear Signal     ; On                 ; On                    ;
; Pre-Mapping Resynthesis Optimization                             ; Off                ; Off                   ;
; Analysis & Synthesis Message Level                               ; Medium             ; Medium                ;
; Disable Register Merging Across Hierarchies                      ; Auto               ; Auto                  ;
; Resource Aware Inference For Block RAM                           ; On                 ; On                    ;
+------------------------------------------------------------------+--------------------+-----------------------+


+------------------------------------------+
; Parallel Compilation                     ;
+----------------------------+-------------+
; Processors                 ; Number      ;
+----------------------------+-------------+
; Number detected on machine ; 8           ;
; Maximum allowed            ; 8           ;
;                            ;             ;
; Average used               ; 1.00        ;
; Maximum used               ; 8           ;
;                            ;             ;
; Usage by Processor         ; % Time Used ;
;     Processor 1            ; 100.0%      ;
;     Processors 2-8         ;   0.0%      ;
+----------------------------+-------------+


+--------------------------------------------------------------------------------------------------------------------------------------------------------------------------------------------------------------------+
; Analysis & Synthesis Source Files Read                                                                                                                                                                             ;
+----------------------------------+-----------------+------------------------------+----------------------------------------------------------------------------------------------------------------------+---------+
; File Name with User-Entered Path ; Used in Netlist ; File Type                    ; File Name with Absolute Path                                                                                         ; Library ;
+----------------------------------+-----------------+------------------------------+----------------------------------------------------------------------------------------------------------------------+---------+
; Eq01-ULARegs_toplevel.vhd        ; yes             ; User VHDL File               ; C:/Users/victo/OneDrive/UTFPR/2024.1/Arquitetura e Organizacao de computadores/Labs/Lab 5/Eq01-ULARegs_toplevel.vhd  ;         ;
; Eq01-ULARegs_ramdisp.vhd         ; yes             ; User VHDL File               ; C:/Users/victo/OneDrive/UTFPR/2024.1/Arquitetura e Organizacao de computadores/Labs/Lab 5/Eq01-ULARegs_ramdisp.vhd   ;         ;
; Eq01-ULARegs_Hex.vhd             ; yes             ; User VHDL File               ; C:/Users/victo/OneDrive/UTFPR/2024.1/Arquitetura e Organizacao de computadores/Labs/Lab 5/Eq01-ULARegs_Hex.vhd       ;         ;
; Eq01-ULA.vhd                     ; yes             ; User VHDL File               ; C:/Users/victo/OneDrive/UTFPR/2024.1/Arquitetura e Organizacao de computadores/Labs/Lab 5/Eq01-ULA.vhd               ;         ;
; lpm_divide.tdf                   ; yes             ; Megafunction                 ; c:/intelfpga_lite/23.1std/quartus/libraries/megafunctions/lpm_divide.tdf                                             ;         ;
; abs_divider.inc                  ; yes             ; Megafunction                 ; c:/intelfpga_lite/23.1std/quartus/libraries/megafunctions/abs_divider.inc                                            ;         ;
; sign_div_unsign.inc              ; yes             ; Megafunction                 ; c:/intelfpga_lite/23.1std/quartus/libraries/megafunctions/sign_div_unsign.inc                                        ;         ;
; aglobal231.inc                   ; yes             ; Megafunction                 ; c:/intelfpga_lite/23.1std/quartus/libraries/megafunctions/aglobal231.inc                                             ;         ;
; db/lpm_divide_dsl.tdf            ; yes             ; Auto-Generated Megafunction  ; C:/Users/victo/OneDrive/UTFPR/2024.1/Arquitetura e Organizacao de computadores/Labs/Lab 5/db/lpm_divide_dsl.tdf      ;         ;
; db/sign_div_unsign_fkh.tdf       ; yes             ; Auto-Generated Megafunction  ; C:/Users/victo/OneDrive/UTFPR/2024.1/Arquitetura e Organizacao de computadores/Labs/Lab 5/db/sign_div_unsign_fkh.tdf ;         ;
; db/alt_u_div_8fe.tdf             ; yes             ; Auto-Generated Megafunction  ; C:/Users/victo/OneDrive/UTFPR/2024.1/Arquitetura e Organizacao de computadores/Labs/Lab 5/db/alt_u_div_8fe.tdf       ;         ;
; db/add_sub_t3c.tdf               ; yes             ; Auto-Generated Megafunction  ; C:/Users/victo/OneDrive/UTFPR/2024.1/Arquitetura e Organizacao de computadores/Labs/Lab 5/db/add_sub_t3c.tdf         ;         ;
; db/add_sub_u3c.tdf               ; yes             ; Auto-Generated Megafunction  ; C:/Users/victo/OneDrive/UTFPR/2024.1/Arquitetura e Organizacao de computadores/Labs/Lab 5/db/add_sub_u3c.tdf         ;         ;
+----------------------------------+-----------------+------------------------------+----------------------------------------------------------------------------------------------------------------------+---------+


+------------------------------------------------------------+
; Analysis & Synthesis Resource Usage Summary                ;
+---------------------------------------------+--------------+
; Resource                                    ; Usage        ;
+---------------------------------------------+--------------+
; Estimated Total logic elements              ; 224          ;
;                                             ;              ;
; Total combinational functions               ; 224          ;
; Logic element usage by number of LUT inputs ;              ;
;     -- 4 input functions                    ; 92           ;
;     -- 3 input functions                    ; 56           ;
;     -- <=2 input functions                  ; 76           ;
;                                             ;              ;
; Logic elements by mode                      ;              ;
;     -- normal mode                          ; 130          ;
;     -- arithmetic mode                      ; 94           ;
;                                             ;              ;
; Total registers                             ; 43           ;
;     -- Dedicated logic registers            ; 43           ;
;     -- I/O registers                        ; 0            ;
;                                             ;              ;
; I/O pins                                    ; 65           ;
;                                             ;              ;
; Embedded Multiplier 9-bit elements          ; 0            ;
;                                             ;              ;
; Maximum fan-out node                        ; RST_HW~input ;
; Maximum fan-out                             ; 35           ;
; Total fan-out                               ; 986          ;
; Average fan-out                             ; 2.48         ;
+---------------------------------------------+--------------+


+------------------------------------------------------------------------------------------------------------------------------------------------------------------------------------------------------------------------------------------------------------------------------------------------------------------------------------------------------------+
; Analysis & Synthesis Resource Utilization by Entity                                                                                                                                                                                                                                                                                                        ;
+-------------------------------------------+---------------------+---------------------------+-------------+------------+--------------+---------+-----------+------+--------------+------------+----------------------------------------------------------------------------------------------------------------------+---------------------+--------------+
; Compilation Hierarchy Node                ; Combinational ALUTs ; Dedicated Logic Registers ; Memory Bits ; UFM Blocks ; DSP Elements ; DSP 9x9 ; DSP 18x18 ; Pins ; Virtual Pins ; ADC blocks ; Full Hierarchy Name                                                                                                  ; Entity Name         ; Library Name ;
+-------------------------------------------+---------------------+---------------------------+-------------+------------+--------------+---------+-----------+------+--------------+------------+----------------------------------------------------------------------------------------------------------------------+---------------------+--------------+
; |toplevel                                 ; 224 (8)             ; 43 (8)                    ; 0           ; 0          ; 0            ; 0       ; 0         ; 65   ; 0            ; 0          ; |toplevel                                                                                                            ; toplevel            ; work         ;
;    |ULA:ula_go|                           ; 92 (19)             ; 0 (0)                     ; 0           ; 0          ; 0            ; 0       ; 0         ; 0    ; 0            ; 0          ; |toplevel|ULA:ula_go                                                                                                 ; ULA                 ; work         ;
;       |lpm_divide:Div0|                   ; 73 (0)              ; 0 (0)                     ; 0           ; 0          ; 0            ; 0       ; 0         ; 0    ; 0            ; 0          ; |toplevel|ULA:ula_go|lpm_divide:Div0                                                                                 ; lpm_divide          ; work         ;
;          |lpm_divide_dsl:auto_generated|  ; 73 (0)              ; 0 (0)                     ; 0           ; 0          ; 0            ; 0       ; 0         ; 0    ; 0            ; 0          ; |toplevel|ULA:ula_go|lpm_divide:Div0|lpm_divide_dsl:auto_generated                                                   ; lpm_divide_dsl      ; work         ;
;             |sign_div_unsign_fkh:divider| ; 73 (0)              ; 0 (0)                     ; 0           ; 0          ; 0            ; 0       ; 0         ; 0    ; 0            ; 0          ; |toplevel|ULA:ula_go|lpm_divide:Div0|lpm_divide_dsl:auto_generated|sign_div_unsign_fkh:divider                       ; sign_div_unsign_fkh ; work         ;
;                |alt_u_div_8fe:divider|    ; 73 (73)             ; 0 (0)                     ; 0           ; 0          ; 0            ; 0       ; 0         ; 0    ; 0            ; 0          ; |toplevel|ULA:ula_go|lpm_divide:Div0|lpm_divide_dsl:auto_generated|sign_div_unsign_fkh:divider|alt_u_div_8fe:divider ; alt_u_div_8fe       ; work         ;
;    |ramDisp:RAMeDISP|                     ; 124 (94)            ; 35 (35)                   ; 0           ; 0          ; 0            ; 0       ; 0         ; 0    ; 0            ; 0          ; |toplevel|ramDisp:RAMeDISP                                                                                           ; ramDisp             ; work         ;
;       |hex7seg:H0|                        ; 7 (7)               ; 0 (0)                     ; 0           ; 0          ; 0            ; 0       ; 0         ; 0    ; 0            ; 0          ; |toplevel|ramDisp:RAMeDISP|hex7seg:H0                                                                                ; hex7seg             ; work         ;
;       |hex7seg:H1|                        ; 9 (9)               ; 0 (0)                     ; 0           ; 0          ; 0            ; 0       ; 0         ; 0    ; 0            ; 0          ; |toplevel|ramDisp:RAMeDISP|hex7seg:H1                                                                                ; hex7seg             ; work         ;
;       |hex7seg:H3|                        ; 7 (7)               ; 0 (0)                     ; 0           ; 0          ; 0            ; 0       ; 0         ; 0    ; 0            ; 0          ; |toplevel|ramDisp:RAMeDISP|hex7seg:H3                                                                                ; hex7seg             ; work         ;
;       |hex7seg:H4|                        ; 7 (7)               ; 0 (0)                     ; 0           ; 0          ; 0            ; 0       ; 0         ; 0    ; 0            ; 0          ; |toplevel|ramDisp:RAMeDISP|hex7seg:H4                                                                                ; hex7seg             ; work         ;
+-------------------------------------------+---------------------+---------------------------+-------------+------------+--------------+---------+-----------+------+--------------+------------+----------------------------------------------------------------------------------------------------------------------+---------------------+--------------+
Note: For table entries with two numbers listed, the numbers in parentheses indicate the number of resources of the given type used by the specific entity alone. The numbers listed outside of parentheses indicate the total resources of the given type used by the specific entity and all of its sub-entities in the hierarchy.


+------------------------------------------------------+
; General Register Statistics                          ;
+----------------------------------------------+-------+
; Statistic                                    ; Value ;
+----------------------------------------------+-------+
; Total registers                              ; 43    ;
; Number of registers using Synchronous Clear  ; 24    ;
; Number of registers using Synchronous Load   ; 24    ;
; Number of registers using Asynchronous Clear ; 35    ;
; Number of registers using Asynchronous Load  ; 0     ;
; Number of registers using Clock Enable       ; 27    ;
; Number of registers using Preset             ; 0     ;
+----------------------------------------------+-------+


+--------------------------------------------------+
; Inverted Register Statistics                     ;
+----------------------------------------+---------+
; Inverted Register                      ; Fan out ;
+----------------------------------------+---------+
; CONT[0]                                ; 16      ;
; Total number of inverted registers = 1 ;         ;
+----------------------------------------+---------+


+-------------------------------------------------------------------------------------------------------------------------------------------------------+
; Multiplexer Restructuring Statistics (Restructuring Performed)                                                                                        ;
+--------------------+-----------+---------------+----------------------+------------------------+------------+-----------------------------------------+
; Multiplexer Inputs ; Bus Width ; Baseline Area ; Area if Restructured ; Saving if Restructured ; Registered ; Example Multiplexer Output              ;
+--------------------+-----------+---------------+----------------------+------------------------+------------+-----------------------------------------+
; 3:1                ; 2 bits    ; 4 LEs         ; 2 LEs                ; 2 LEs                  ; Yes        ; |toplevel|ramDisp:RAMeDISP|contador[1]  ;
; 3:1                ; 24 bits   ; 48 LEs        ; 48 LEs               ; 0 LEs                  ; Yes        ; |toplevel|ramDisp:RAMeDISP|contador[25] ;
+--------------------+-----------+---------------+----------------------+------------------------+------------+-----------------------------------------+


+-----------------------------------------------------------------------------+
; Parameter Settings for Inferred Entity Instance: ULA:ula_go|lpm_divide:Div0 ;
+------------------------+----------------+-----------------------------------+
; Parameter Name         ; Value          ; Type                              ;
+------------------------+----------------+-----------------------------------+
; LPM_WIDTHN             ; 8              ; Untyped                           ;
; LPM_WIDTHD             ; 8              ; Untyped                           ;
; LPM_NREPRESENTATION    ; UNSIGNED       ; Untyped                           ;
; LPM_DREPRESENTATION    ; UNSIGNED       ; Untyped                           ;
; LPM_PIPELINE           ; 0              ; Untyped                           ;
; LPM_REMAINDERPOSITIVE  ; TRUE           ; Untyped                           ;
; MAXIMIZE_SPEED         ; 5              ; Untyped                           ;
; CBXI_PARAMETER         ; lpm_divide_dsl ; Untyped                           ;
; CARRY_CHAIN            ; MANUAL         ; Untyped                           ;
; OPTIMIZE_FOR_SPEED     ; 5              ; Untyped                           ;
; AUTO_CARRY_CHAINS      ; ON             ; AUTO_CARRY                        ;
; IGNORE_CARRY_BUFFERS   ; OFF            ; IGNORE_CARRY                      ;
; AUTO_CASCADE_CHAINS    ; ON             ; AUTO_CASCADE                      ;
; IGNORE_CASCADE_BUFFERS ; OFF            ; IGNORE_CASCADE                    ;
+------------------------+----------------+-----------------------------------+
Note: In order to hide this table in the UI and the text report file, please set the "Show Parameter Settings in Synthesis Report" option in "Analysis and Synthesis Settings -> More Settings" to "Off".


+-----------------------------------------+
; Port Connectivity Checks: "ULA:ula_go"  ;
+-------+-------+----------+--------------+
; Port  ; Type  ; Severity ; Details      ;
+-------+-------+----------+--------------+
; op[2] ; Input ; Info     ; Stuck at GND ;
; op[1] ; Input ; Info     ; Stuck at VCC ;
; op[0] ; Input ; Info     ; Stuck at GND ;
+-------+-------+----------+--------------+


+---------------------------------------------------------------------------------------------------------------------------+
; Port Connectivity Checks: "ramDisp:RAMeDISP"                                                                              ;
+-----------------+--------+----------+-------------------------------------------------------------------------------------+
; Port            ; Type   ; Severity ; Details                                                                             ;
+-----------------+--------+----------+-------------------------------------------------------------------------------------+
; endereco[6..0]  ; Input  ; Info     ; Stuck at VCC                                                                        ;
; endereco[15..7] ; Input  ; Info     ; Stuck at GND                                                                        ;
; wr_en           ; Input  ; Info     ; Stuck at VCC                                                                        ;
; dado_in[15..8]  ; Input  ; Info     ; Stuck at GND                                                                        ;
; dado_out        ; Output ; Info     ; Connected to dangling logic. Logic that only feeds a dangling port will be removed. ;
+-----------------+--------+----------+-------------------------------------------------------------------------------------+


+-----------------------------------------------------+
; Post-Synthesis Netlist Statistics for Top Partition ;
+-----------------------+-----------------------------+
; Type                  ; Count                       ;
+-----------------------+-----------------------------+
; boundary_port         ; 65                          ;
; cycloneiii_ff         ; 43                          ;
;     CLR               ; 8                           ;
;     ENA CLR           ; 3                           ;
;     ENA CLR SCLR SLD  ; 24                          ;
;     plain             ; 8                           ;
; cycloneiii_lcell_comb ; 235                         ;
;     arith             ; 94                          ;
;         2 data inputs ; 53                          ;
;         3 data inputs ; 41                          ;
;     normal            ; 141                         ;
;         0 data inputs ; 8                           ;
;         1 data inputs ; 21                          ;
;         2 data inputs ; 5                           ;
;         3 data inputs ; 15                          ;
;         4 data inputs ; 92                          ;
;                       ;                             ;
; Max LUT depth         ; 18.60                       ;
; Average LUT depth     ; 7.73                        ;
+-----------------------+-----------------------------+


+-------------------------------+
; Elapsed Time Per Partition    ;
+----------------+--------------+
; Partition Name ; Elapsed Time ;
+----------------+--------------+
; Top            ; 00:00:01     ;
+----------------+--------------+


+-------------------------------+
; Analysis & Synthesis Messages ;
+-------------------------------+
Info: *******************************************************************
Info: Running Quartus Prime Analysis & Synthesis
    Info: Version 23.1std.0 Build 991 11/28/2023 SC Lite Edition
    Info: Processing started: Wed Apr 17 17:17:59 2024
Info: Command: quartus_map --read_settings_files=on --write_settings_files=off Eq01_ULARegsFPGA -c Eq01-ULARegs_toplevel
Warning (18236): Number of processors has not been specified which may cause overloading on shared machines.  Set the global assignment NUM_PARALLEL_PROCESSORS in your QSF to an appropriate value for best performance.
Info (20030): Parallel compilation is enabled and will use 8 of the 8 processors detected
Info (12021): Found 2 design units, including 1 entities, in source file eq01-ularegs_toplevel.vhd
    Info (12022): Found design unit 1: toplevel-LogicFunction File: C:/Users/victo/OneDrive/UTFPR/2024.1/Arquitetura e Organizacao de computadores/Labs/Lab 5/Eq01-ULARegs_toplevel.vhd Line: 41
    Info (12023): Found entity 1: toplevel File: C:/Users/victo/OneDrive/UTFPR/2024.1/Arquitetura e Organizacao de computadores/Labs/Lab 5/Eq01-ULARegs_toplevel.vhd Line: 17
Info (12021): Found 2 design units, including 1 entities, in source file eq01-ularegs_ramdisp.vhd
    Info (12022): Found design unit 1: ramDisp-a_ram File: C:/Users/victo/OneDrive/UTFPR/2024.1/Arquitetura e Organizacao de computadores/Labs/Lab 5/Eq01-ULARegs_ramdisp.vhd Line: 45
    Info (12023): Found entity 1: ramDisp File: C:/Users/victo/OneDrive/UTFPR/2024.1/Arquitetura e Organizacao de computadores/Labs/Lab 5/Eq01-ULARegs_ramdisp.vhd Line: 19
Info (12021): Found 2 design units, including 1 entities, in source file eq01-ularegs_hex.vhd
    Info (12022): Found design unit 1: hex7seg-Behavior File: C:/Users/victo/OneDrive/UTFPR/2024.1/Arquitetura e Organizacao de computadores/Labs/Lab 5/Eq01-ULARegs_Hex.vhd Line: 25
    Info (12023): Found entity 1: hex7seg File: C:/Users/victo/OneDrive/UTFPR/2024.1/Arquitetura e Organizacao de computadores/Labs/Lab 5/Eq01-ULARegs_Hex.vhd Line: 18
Info (12021): Found 2 design units, including 1 entities, in source file eq01-ula.vhd
    Info (12022): Found design unit 1: ULA-ULA_arch File: C:/Users/victo/OneDrive/UTFPR/2024.1/Arquitetura e Organizacao de computadores/Labs/Lab 5/Eq01-ULA.vhd Line: 28
    Info (12023): Found entity 1: ULA File: C:/Users/victo/OneDrive/UTFPR/2024.1/Arquitetura e Organizacao de computadores/Labs/Lab 5/Eq01-ULA.vhd Line: 16
Info (12127): Elaborating entity "toplevel" for the top level hierarchy
Warning (10036): Verilog HDL or VHDL warning at Eq01-ULARegs_toplevel.vhd(88): object "ram_out" assigned a value but never read File: C:/Users/victo/OneDrive/UTFPR/2024.1/Arquitetura e Organizacao de computadores/Labs/Lab 5/Eq01-ULARegs_toplevel.vhd Line: 88
Info (12128): Elaborating entity "ramDisp" for hierarchy "ramDisp:RAMeDISP" File: C:/Users/victo/OneDrive/UTFPR/2024.1/Arquitetura e Organizacao de computadores/Labs/Lab 5/Eq01-ULARegs_toplevel.vhd Line: 106
Info (12128): Elaborating entity "hex7seg" for hierarchy "ramDisp:RAMeDISP|hex7seg:H0" File: C:/Users/victo/OneDrive/UTFPR/2024.1/Arquitetura e Organizacao de computadores/Labs/Lab 5/Eq01-ULARegs_ramdisp.vhd Line: 148
Info (12128): Elaborating entity "ULA" for hierarchy "ULA:ula_go" File: C:/Users/victo/OneDrive/UTFPR/2024.1/Arquitetura e Organizacao de computadores/Labs/Lab 5/Eq01-ULARegs_toplevel.vhd Line: 129
Warning (10620): VHDL warning at Eq01-ULA.vhd(48): comparison between unequal length operands always returns FALSE File: C:/Users/victo/OneDrive/UTFPR/2024.1/Arquitetura e Organizacao de computadores/Labs/Lab 5/Eq01-ULA.vhd Line: 48
Info (278001): Inferred 1 megafunctions from design logic
    Info (278004): Inferred divider/modulo megafunction ("lpm_divide") from the following logic: "ULA:ula_go|Div0" File: C:/Users/victo/OneDrive/UTFPR/2024.1/Arquitetura e Organizacao de computadores/Labs/Lab 5/Eq01-ULA.vhd Line: 36
Info (12130): Elaborated megafunction instantiation "ULA:ula_go|lpm_divide:Div0" File: C:/Users/victo/OneDrive/UTFPR/2024.1/Arquitetura e Organizacao de computadores/Labs/Lab 5/Eq01-ULA.vhd Line: 36
Info (12133): Instantiated megafunction "ULA:ula_go|lpm_divide:Div0" with the following parameter: File: C:/Users/victo/OneDrive/UTFPR/2024.1/Arquitetura e Organizacao de computadores/Labs/Lab 5/Eq01-ULA.vhd Line: 36
    Info (12134): Parameter "LPM_WIDTHN" = "8"
    Info (12134): Parameter "LPM_WIDTHD" = "8"
    Info (12134): Parameter "LPM_NREPRESENTATION" = "UNSIGNED"
    Info (12134): Parameter "LPM_DREPRESENTATION" = "UNSIGNED"
Info (12021): Found 1 design units, including 1 entities, in source file db/lpm_divide_dsl.tdf
    Info (12023): Found entity 1: lpm_divide_dsl File: C:/Users/victo/OneDrive/UTFPR/2024.1/Arquitetura e Organizacao de computadores/Labs/Lab 5/db/lpm_divide_dsl.tdf Line: 25
Info (12021): Found 1 design units, including 1 entities, in source file db/sign_div_unsign_fkh.tdf
    Info (12023): Found entity 1: sign_div_unsign_fkh File: C:/Users/victo/OneDrive/UTFPR/2024.1/Arquitetura e Organizacao de computadores/Labs/Lab 5/db/sign_div_unsign_fkh.tdf Line: 25
Info (12021): Found 1 design units, including 1 entities, in source file db/alt_u_div_8fe.tdf
    Info (12023): Found entity 1: alt_u_div_8fe File: C:/Users/victo/OneDrive/UTFPR/2024.1/Arquitetura e Organizacao de computadores/Labs/Lab 5/db/alt_u_div_8fe.tdf Line: 27
Info (12021): Found 1 design units, including 1 entities, in source file db/add_sub_t3c.tdf
    Info (12023): Found entity 1: add_sub_t3c File: C:/Users/victo/OneDrive/UTFPR/2024.1/Arquitetura e Organizacao de computadores/Labs/Lab 5/db/add_sub_t3c.tdf Line: 23
Info (12021): Found 1 design units, including 1 entities, in source file db/add_sub_u3c.tdf
    Info (12023): Found entity 1: add_sub_u3c File: C:/Users/victo/OneDrive/UTFPR/2024.1/Arquitetura e Organizacao de computadores/Labs/Lab 5/db/add_sub_u3c.tdf Line: 23
Info (13000): Registers with preset signals will power-up high File: C:/Users/victo/OneDrive/UTFPR/2024.1/Arquitetura e Organizacao de computadores/Labs/Lab 5/Eq01-ULARegs_toplevel.vhd Line: 143
Info (13003): DEV_CLRn pin will set, and not reset, register with preset signal due to NOT Gate Push-Back
Warning (13024): Output pins are stuck at VCC or GND
    Warning (13410): Pin "LED_HW[9]" is stuck at GND File: C:/Users/victo/OneDrive/UTFPR/2024.1/Arquitetura e Organizacao de computadores/Labs/Lab 5/Eq01-ULARegs_toplevel.vhd Line: 28
    Warning (13410): Pin "HEX2_HW[0]" is stuck at VCC File: C:/Users/victo/OneDrive/UTFPR/2024.1/Arquitetura e Organizacao de computadores/Labs/Lab 5/Eq01-ULARegs_toplevel.vhd Line: 33
    Warning (13410): Pin "HEX2_HW[1]" is stuck at VCC File: C:/Users/victo/OneDrive/UTFPR/2024.1/Arquitetura e Organizacao de computadores/Labs/Lab 5/Eq01-ULARegs_toplevel.vhd Line: 33
    Warning (13410): Pin "HEX2_HW[2]" is stuck at VCC File: C:/Users/victo/OneDrive/UTFPR/2024.1/Arquitetura e Organizacao de computadores/Labs/Lab 5/Eq01-ULARegs_toplevel.vhd Line: 33
    Warning (13410): Pin "HEX2_HW[3]" is stuck at VCC File: C:/Users/victo/OneDrive/UTFPR/2024.1/Arquitetura e Organizacao de computadores/Labs/Lab 5/Eq01-ULARegs_toplevel.vhd Line: 33
    Warning (13410): Pin "HEX2_HW[4]" is stuck at VCC File: C:/Users/victo/OneDrive/UTFPR/2024.1/Arquitetura e Organizacao de computadores/Labs/Lab 5/Eq01-ULARegs_toplevel.vhd Line: 33
    Warning (13410): Pin "HEX2_HW[5]" is stuck at VCC File: C:/Users/victo/OneDrive/UTFPR/2024.1/Arquitetura e Organizacao de computadores/Labs/Lab 5/Eq01-ULARegs_toplevel.vhd Line: 33
    Warning (13410): Pin "HEX2_HW[6]" is stuck at VCC File: C:/Users/victo/OneDrive/UTFPR/2024.1/Arquitetura e Organizacao de computadores/Labs/Lab 5/Eq01-ULARegs_toplevel.vhd Line: 33
    Warning (13410): Pin "HEX3_HW[0]" is stuck at VCC File: C:/Users/victo/OneDrive/UTFPR/2024.1/Arquitetura e Organizacao de computadores/Labs/Lab 5/Eq01-ULARegs_toplevel.vhd Line: 34
    Warning (13410): Pin "HEX3_HW[1]" is stuck at VCC File: C:/Users/victo/OneDrive/UTFPR/2024.1/Arquitetura e Organizacao de computadores/Labs/Lab 5/Eq01-ULARegs_toplevel.vhd Line: 34
    Warning (13410): Pin "HEX3_HW[2]" is stuck at VCC File: C:/Users/victo/OneDrive/UTFPR/2024.1/Arquitetura e Organizacao de computadores/Labs/Lab 5/Eq01-ULARegs_toplevel.vhd Line: 34
    Warning (13410): Pin "HEX3_HW[3]" is stuck at VCC File: C:/Users/victo/OneDrive/UTFPR/2024.1/Arquitetura e Organizacao de computadores/Labs/Lab 5/Eq01-ULARegs_toplevel.vhd Line: 34
    Warning (13410): Pin "HEX3_HW[4]" is stuck at VCC File: C:/Users/victo/OneDrive/UTFPR/2024.1/Arquitetura e Organizacao de computadores/Labs/Lab 5/Eq01-ULARegs_toplevel.vhd Line: 34
    Warning (13410): Pin "HEX3_HW[5]" is stuck at VCC File: C:/Users/victo/OneDrive/UTFPR/2024.1/Arquitetura e Organizacao de computadores/Labs/Lab 5/Eq01-ULARegs_toplevel.vhd Line: 34
    Warning (13410): Pin "HEX3_HW[6]" is stuck at VCC File: C:/Users/victo/OneDrive/UTFPR/2024.1/Arquitetura e Organizacao de computadores/Labs/Lab 5/Eq01-ULARegs_toplevel.vhd Line: 34
Info (286030): Timing-Driven Synthesis is running
Info (16010): Generating hard_block partition "hard_block:auto_generated_inst"
    Info (16011): Adding 0 node(s), including 0 DDIO, 0 PLL, 0 transceiver and 0 LCELL
Warning (21074): Design contains 1 input pin(s) that do not drive logic
    Warning (15610): No output dependent on input pin "KEY1_HW" File: C:/Users/victo/OneDrive/UTFPR/2024.1/Arquitetura e Organizacao de computadores/Labs/Lab 5/Eq01-ULARegs_toplevel.vhd Line: 25
Info (21057): Implemented 290 device resources after synthesis - the final resource count might be different
    Info (21058): Implemented 13 input pins
    Info (21059): Implemented 52 output pins
    Info (21061): Implemented 225 logic cells
Info: Quartus Prime Analysis & Synthesis was successful. 0 errors, 21 warnings
    Info: Peak virtual memory: 4842 megabytes
    Info: Processing ended: Wed Apr 17 17:18:15 2024
    Info: Elapsed time: 00:00:16
    Info: Total CPU time (on all processors): 00:00:23


